<?xml version="1.0" encoding="UTF-8"?>
<coverage generated="1762906104711" clover="3.2.0">
  <project timestamp="1762906104711" name="All files">
    <metrics statements="124" coveredstatements="75" conditionals="64" coveredconditionals="34" methods="53" coveredmethods="30" elements="241" coveredelements="139" complexity="0" loc="124" ncloc="124" packages="9" files="28" classes="28"/>
    <package name="src">
      <metrics statements="3" coveredstatements="0" conditionals="0" coveredconditionals="0" methods="1" coveredmethods="0"/>
      <file name="App.tsx" path="C:/Users/Jalkh/Documents/GitHub/ToDo--Practice/todo-practice/src/App.tsx">
        <metrics statements="2" coveredstatements="0" conditionals="0" coveredconditionals="0" methods="1" coveredmethods="0"/>
        <line num="5" count="0" type="stmt"/>
        <line num="6" count="0" type="stmt"/>
      </file>
      <file name="main.tsx" path="C:/Users/Jalkh/Documents/GitHub/ToDo--Practice/todo-practice/src/main.tsx">
        <metrics statements="1" coveredstatements="0" conditionals="0" coveredconditionals="0" methods="0" coveredmethods="0"/>
        <line num="6" count="0" type="stmt"/>
      </file>
    </package>
    <package name="src.Components">
      <metrics statements="4" coveredstatements="0" conditionals="4" coveredconditionals="0" methods="1" coveredmethods="0"/>
      <file name="Menu.tsx" path="C:/Users/Jalkh/Documents/GitHub/ToDo--Practice/todo-practice/src/Components/Menu.tsx">
        <metrics statements="4" coveredstatements="0" conditionals="4" coveredconditionals="0" methods="1" coveredmethods="0"/>
        <line num="12" count="0" type="stmt"/>
        <line num="13" count="0" type="stmt"/>
        <line num="14" count="0" type="stmt"/>
        <line num="16" count="0" type="stmt"/>
      </file>
    </package>
    <package name="src.Components.Body">
      <metrics statements="33" coveredstatements="21" conditionals="20" coveredconditionals="15" methods="13" coveredmethods="9"/>
      <file name="Body.tsx" path="C:/Users/Jalkh/Documents/GitHub/ToDo--Practice/todo-practice/src/Components/Body/Body.tsx">
        <metrics statements="11" coveredstatements="0" conditionals="2" coveredconditionals="0" methods="3" coveredmethods="0"/>
        <line num="10" count="0" type="stmt"/>
        <line num="11" count="0" type="stmt"/>
        <line num="12" count="0" type="stmt"/>
        <line num="14" count="0" type="stmt"/>
        <line num="15" count="0" type="stmt"/>
        <line num="16" count="0" type="stmt"/>
        <line num="18" count="0" type="stmt"/>
        <line num="19" count="0" type="stmt"/>
        <line num="28" count="0" type="cond" truecount="0" falsecount="2"/>
        <line num="30" count="0" type="stmt"/>
        <line num="32" count="0" type="stmt"/>
      </file>
      <file name="CreateButton.tsx" path="C:/Users/Jalkh/Documents/GitHub/ToDo--Practice/todo-practice/src/Components/Body/CreateButton.tsx">
        <metrics statements="3" coveredstatements="3" conditionals="2" coveredconditionals="2" methods="2" coveredmethods="2"/>
        <line num="9" count="1" type="stmt"/>
        <line num="10" count="4" type="stmt"/>
        <line num="17" count="2" type="stmt"/>
      </file>
      <file name="NoteItem.tsx" path="C:/Users/Jalkh/Documents/GitHub/ToDo--Practice/todo-practice/src/Components/Body/NoteItem.tsx">
        <metrics statements="16" coveredstatements="15" conditionals="16" coveredconditionals="13" methods="6" coveredmethods="5"/>
        <line num="13" count="2" type="stmt"/>
        <line num="14" count="20" type="stmt"/>
        <line num="15" count="20" type="stmt"/>
        <line num="16" count="20" type="stmt"/>
        <line num="17" count="20" type="stmt"/>
        <line num="19" count="20" type="stmt"/>
        <line num="20" count="3" type="stmt"/>
        <line num="23" count="20" type="stmt"/>
        <line num="24" count="1" type="stmt"/>
        <line num="27" count="20" type="stmt"/>
        <line num="28" count="2" type="cond" truecount="2" falsecount="0"/>
        <line num="31" count="20" type="stmt"/>
        <line num="33" count="20" type="cond" truecount="2" falsecount="0"/>
        <line num="34" count="3" type="stmt"/>
        <line num="47" count="20" type="stmt"/>
        <line num="91" count="0" type="stmt"/>
      </file>
      <file name="NoteList.tsx" path="C:/Users/Jalkh/Documents/GitHub/ToDo--Practice/todo-practice/src/Components/Body/NoteList.tsx">
        <metrics statements="3" coveredstatements="3" conditionals="0" coveredconditionals="0" methods="2" coveredmethods="2"/>
        <line num="10" count="1" type="stmt"/>
        <line num="11" count="2" type="stmt"/>
        <line num="17" count="10" type="stmt"/>
      </file>
    </package>
    <package name="src.Components.Header">
      <metrics statements="25" coveredstatements="25" conditionals="18" coveredconditionals="18" methods="12" coveredmethods="12"/>
      <file name="Header.tsx" path="C:/Users/Jalkh/Documents/GitHub/ToDo--Practice/todo-practice/src/Components/Header/Header.tsx">
        <metrics statements="3" coveredstatements="3" conditionals="0" coveredconditionals="0" methods="1" coveredmethods="1"/>
        <line num="8" count="1" type="stmt"/>
        <line num="9" count="1" type="stmt"/>
        <line num="11" count="1" type="stmt"/>
      </file>
      <file name="Search.tsx" path="C:/Users/Jalkh/Documents/GitHub/ToDo--Practice/todo-practice/src/Components/Header/Search.tsx">
        <metrics statements="5" coveredstatements="5" conditionals="2" coveredconditionals="2" methods="2" coveredmethods="2"/>
        <line num="9" count="2" type="stmt"/>
        <line num="10" count="13" type="stmt"/>
        <line num="12" count="13" type="stmt"/>
        <line num="13" count="6" type="stmt"/>
        <line num="16" count="13" type="stmt"/>
      </file>
      <file name="Selector.tsx" path="C:/Users/Jalkh/Documents/GitHub/ToDo--Practice/todo-practice/src/Components/Header/Selector.tsx">
        <metrics statements="9" coveredstatements="9" conditionals="10" coveredconditionals="10" methods="5" coveredmethods="5"/>
        <line num="11" count="2" type="stmt"/>
        <line num="12" count="13" type="stmt"/>
        <line num="14" count="13" type="stmt"/>
        <line num="16" count="13" type="stmt"/>
        <line num="18" count="13" type="stmt"/>
        <line num="19" count="4" type="stmt"/>
        <line num="22" count="13" type="stmt"/>
        <line num="51" count="12" type="stmt"/>
        <line num="58" count="2" type="stmt"/>
      </file>
      <file name="ThemeSwitch.tsx" path="C:/Users/Jalkh/Documents/GitHub/ToDo--Practice/todo-practice/src/Components/Header/ThemeSwitch.tsx">
        <metrics statements="6" coveredstatements="6" conditionals="4" coveredconditionals="4" methods="3" coveredmethods="3"/>
        <line num="12" count="2" type="stmt"/>
        <line num="13" count="7" type="stmt"/>
        <line num="15" count="7" type="stmt"/>
        <line num="16" count="2" type="stmt"/>
        <line num="17" count="2" type="stmt"/>
        <line num="20" count="7" type="stmt"/>
      </file>
      <file name="Title.tsx" path="C:/Users/Jalkh/Documents/GitHub/ToDo--Practice/todo-practice/src/Components/Header/Title.tsx">
        <metrics statements="2" coveredstatements="2" conditionals="2" coveredconditionals="2" methods="1" coveredmethods="1"/>
        <line num="7" count="2" type="stmt"/>
        <line num="8" count="3" type="stmt"/>
      </file>
    </package>
    <package name="src.Components.Modal">
      <metrics statements="19" coveredstatements="0" conditionals="16" coveredconditionals="0" methods="6" coveredmethods="0"/>
      <file name="CreateModal.tsx" path="C:/Users/Jalkh/Documents/GitHub/ToDo--Practice/todo-practice/src/Components/Modal/CreateModal.tsx">
        <metrics statements="7" coveredstatements="0" conditionals="2" coveredconditionals="0" methods="2" coveredmethods="0"/>
        <line num="7" count="0" type="stmt"/>
        <line num="8" count="0" type="stmt"/>
        <line num="9" count="0" type="stmt"/>
        <line num="10" count="0" type="stmt"/>
        <line num="12" count="0" type="stmt"/>
        <line num="13" count="0" type="stmt"/>
        <line num="21" count="0" type="stmt"/>
      </file>
      <file name="NoteModal.tsx" path="C:/Users/Jalkh/Documents/GitHub/ToDo--Practice/todo-practice/src/Components/Modal/NoteModal.tsx">
        <metrics statements="12" coveredstatements="0" conditionals="14" coveredconditionals="0" methods="4" coveredmethods="0"/>
        <line num="9" count="0" type="stmt"/>
        <line num="10" count="0" type="stmt"/>
        <line num="11" count="0" type="stmt"/>
        <line num="12" count="0" type="stmt"/>
        <line num="14" count="0" type="stmt"/>
        <line num="15" count="0" type="cond" truecount="0" falsecount="2"/>
        <line num="16" count="0" type="stmt"/>
        <line num="18" count="0" type="stmt"/>
        <line num="19" count="0" type="stmt"/>
        <line num="23" count="0" type="stmt"/>
        <line num="43" count="0" type="stmt"/>
        <line num="57" count="0" type="stmt"/>
      </file>
    </package>
    <package name="src.Contexts">
      <metrics statements="5" coveredstatements="5" conditionals="0" coveredconditionals="0" methods="5" coveredmethods="1"/>
      <file name="CategoryContext.tsx" path="C:/Users/Jalkh/Documents/GitHub/ToDo--Practice/todo-practice/src/Contexts/CategoryContext.tsx">
        <metrics statements="1" coveredstatements="1" conditionals="0" coveredconditionals="0" methods="1" coveredmethods="1"/>
        <line num="8" count="2" type="stmt"/>
      </file>
      <file name="ModalContext.tsx" path="C:/Users/Jalkh/Documents/GitHub/ToDo--Practice/todo-practice/src/Contexts/ModalContext.tsx">
        <metrics statements="1" coveredstatements="1" conditionals="0" coveredconditionals="0" methods="1" coveredmethods="0"/>
        <line num="8" count="2" type="stmt"/>
      </file>
      <file name="NotesContext.tsx" path="C:/Users/Jalkh/Documents/GitHub/ToDo--Practice/todo-practice/src/Contexts/NotesContext.tsx">
        <metrics statements="1" coveredstatements="1" conditionals="0" coveredconditionals="0" methods="1" coveredmethods="0"/>
        <line num="13" count="2" type="stmt"/>
      </file>
      <file name="SearchContext.tsx" path="C:/Users/Jalkh/Documents/GitHub/ToDo--Practice/todo-practice/src/Contexts/SearchContext.tsx">
        <metrics statements="1" coveredstatements="1" conditionals="0" coveredconditionals="0" methods="1" coveredmethods="0"/>
        <line num="10" count="2" type="stmt"/>
      </file>
      <file name="ThemeContext.tsx" path="C:/Users/Jalkh/Documents/GitHub/ToDo--Practice/todo-practice/src/Contexts/ThemeContext.tsx">
        <metrics statements="1" coveredstatements="1" conditionals="0" coveredconditionals="0" methods="1" coveredmethods="0"/>
        <line num="8" count="4" type="stmt"/>
      </file>
    </package>
    <package name="src.Providers">
      <metrics statements="25" coveredstatements="18" conditionals="4" coveredconditionals="1" methods="11" coveredmethods="6"/>
      <file name="CategoryProvider.tsx" path="C:/Users/Jalkh/Documents/GitHub/ToDo--Practice/todo-practice/src/Providers/CategoryProvider.tsx">
        <metrics statements="5" coveredstatements="0" conditionals="0" coveredconditionals="0" methods="2" coveredmethods="0"/>
        <line num="10" count="0" type="stmt"/>
        <line num="11" count="0" type="stmt"/>
        <line num="15" count="0" type="stmt"/>
        <line num="16" count="0" type="stmt"/>
        <line num="19" count="0" type="stmt"/>
      </file>
      <file name="ModalProvider.tsx" path="C:/Users/Jalkh/Documents/GitHub/ToDo--Practice/todo-practice/src/Providers/ModalProvider.tsx">
        <metrics statements="5" coveredstatements="4" conditionals="0" coveredconditionals="0" methods="2" coveredmethods="1"/>
        <line num="8" count="2" type="stmt"/>
        <line num="9" count="12" type="stmt"/>
        <line num="11" count="12" type="stmt"/>
        <line num="12" count="0" type="stmt"/>
        <line num="15" count="12" type="stmt"/>
      </file>
      <file name="NotesProvider.tsx" path="C:/Users/Jalkh/Documents/GitHub/ToDo--Practice/todo-practice/src/Providers/NotesProvider.tsx">
        <metrics statements="3" coveredstatements="3" conditionals="0" coveredconditionals="0" methods="1" coveredmethods="1"/>
        <line num="10" count="1" type="stmt"/>
        <line num="11" count="8" type="stmt"/>
        <line num="13" count="8" type="stmt"/>
      </file>
      <file name="SearchProvider.tsx" path="C:/Users/Jalkh/Documents/GitHub/ToDo--Practice/todo-practice/src/Providers/SearchProvider.tsx">
        <metrics statements="7" coveredstatements="7" conditionals="2" coveredconditionals="1" methods="3" coveredmethods="3"/>
        <line num="10" count="1" type="stmt"/>
        <line num="11" count="12" type="stmt"/>
        <line num="12" count="12" type="stmt"/>
        <line num="14" count="12" type="stmt"/>
        <line num="15" count="12" type="cond" truecount="1" falsecount="1"/>
        <line num="16" count="60" type="stmt"/>
        <line num="20" count="12" type="stmt"/>
      </file>
      <file name="ThemeProvider.tsx" path="C:/Users/Jalkh/Documents/GitHub/ToDo--Practice/todo-practice/src/Providers/ThemeProvider.tsx">
        <metrics statements="5" coveredstatements="4" conditionals="2" coveredconditionals="0" methods="3" coveredmethods="1"/>
        <line num="10" count="1" type="stmt"/>
        <line num="11" count="8" type="stmt"/>
        <line num="13" count="8" type="stmt"/>
        <line num="14" count="0" type="cond" truecount="0" falsecount="2"/>
        <line num="17" count="8" type="stmt"/>
      </file>
    </package>
    <package name="src.reducer">
      <metrics statements="5" coveredstatements="1" conditionals="2" coveredconditionals="0" methods="2" coveredmethods="0"/>
      <file name="listReducer.tsx" path="C:/Users/Jalkh/Documents/GitHub/ToDo--Practice/todo-practice/src/reducer/listReducer.tsx">
        <metrics statements="5" coveredstatements="1" conditionals="2" coveredconditionals="0" methods="2" coveredmethods="0"/>
        <line num="3" count="1" type="stmt"/>
        <line num="4" count="0" type="stmt"/>
        <line num="6" count="0" type="cond" truecount="0" falsecount="2"/>
        <line num="8" count="0" type="stmt"/>
        <line num="18" count="0" type="stmt"/>
      </file>
    </package>
    <package name="src.utils">
      <metrics statements="5" coveredstatements="5" conditionals="0" coveredconditionals="0" methods="2" coveredmethods="2"/>
      <file name="Notes.ts" path="C:/Users/Jalkh/Documents/GitHub/ToDo--Practice/todo-practice/src/utils/Notes.ts">
        <metrics statements="1" coveredstatements="1" conditionals="0" coveredconditionals="0" methods="0" coveredmethods="0"/>
        <line num="24" count="3" type="stmt"/>
      </file>
      <file name="WrapperProvider.tsx" path="C:/Users/Jalkh/Documents/GitHub/ToDo--Practice/todo-practice/src/utils/WrapperProvider.tsx">
        <metrics statements="2" coveredstatements="2" conditionals="0" coveredconditionals="0" methods="1" coveredmethods="1"/>
        <line num="10" count="1" type="stmt"/>
        <line num="11" count="8" type="stmt"/>
      </file>
      <file name="test-utils.tsx" path="C:/Users/Jalkh/Documents/GitHub/ToDo--Practice/todo-practice/src/utils/test-utils.tsx">
        <metrics statements="2" coveredstatements="2" conditionals="0" coveredconditionals="0" methods="1" coveredmethods="1"/>
        <line num="6" count="1" type="stmt"/>
        <line num="9" count="8" type="stmt"/>
      </file>
    </package>
  </project>
</coverage>
