{"C:/Users/Jalkh/Documents/GitHub/ToDo--Practice/todo-practice/src/App.tsx": {"path":"C:/Users/Jalkh/Documents/GitHub/ToDo--Practice/todo-practice/src/App.tsx","statementMap":{"0":{"start":{"line":5,"column":12},"end":{"line":11,"column":null}},"1":{"start":{"line":6,"column":2},"end":{"line":9,"column":null}}},"fnMap":{"0":{"name":"(anonymous_0)","decl":{"start":{"line":5,"column":12},"end":{"line":5,"column":18}},"loc":{"start":{"line":5,"column":18},"end":{"line":11,"column":null}}}},"branchMap":{},"s":{"0":0,"1":0},"f":{"0":0},"b":{}}
,"C:/Users/Jalkh/Documents/GitHub/ToDo--Practice/todo-practice/src/main.tsx": {"path":"C:/Users/Jalkh/Documents/GitHub/ToDo--Practice/todo-practice/src/main.tsx","statementMap":{"0":{"start":{"line":6,"column":0},"end":{"line":10,"column":null}}},"fnMap":{},"branchMap":{},"s":{"0":0},"f":{},"b":{}}
,"C:/Users/Jalkh/Documents/GitHub/ToDo--Practice/todo-practice/src/Components/Menu.tsx": {"path":"C:/Users/Jalkh/Documents/GitHub/ToDo--Practice/todo-practice/src/Components/Menu.tsx","statementMap":{"0":{"start":{"line":12,"column":13},"end":{"line":33,"column":null}},"1":{"start":{"line":13,"column":20},"end":{"line":13,"column":null}},"2":{"start":{"line":14,"column":20},"end":{"line":14,"column":null}},"3":{"start":{"line":16,"column":2},"end":{"line":31,"column":null}}},"fnMap":{"0":{"name":"(anonymous_0)","decl":{"start":{"line":12,"column":13},"end":{"line":12,"column":19}},"loc":{"start":{"line":12,"column":19},"end":{"line":33,"column":null}}}},"branchMap":{"0":{"loc":{"start":{"line":19,"column":8},"end":{"line":19,"column":null}},"type":"cond-expr","locations":[{"start":{"line":19,"column":28},"end":{"line":19,"column":41}},{"start":{"line":19,"column":41},"end":{"line":19,"column":null}}]},"1":{"loc":{"start":{"line":30,"column":7},"end":{"line":30,"column":null}},"type":"cond-expr","locations":[{"start":{"line":30,"column":15},"end":{"line":30,"column":33}},{"start":{"line":30,"column":33},"end":{"line":30,"column":null}}]}},"s":{"0":0,"1":0,"2":0,"3":0},"f":{"0":0},"b":{"0":[0,0],"1":[0,0]}}
,"C:/Users/Jalkh/Documents/GitHub/ToDo--Practice/todo-practice/src/Components/Body/Body.tsx": {"path":"C:/Users/Jalkh/Documents/GitHub/ToDo--Practice/todo-practice/src/Components/Body/Body.tsx","statementMap":{"0":{"start":{"line":10,"column":13},"end":{"line":42,"column":null}},"1":{"start":{"line":11,"column":22},"end":{"line":11,"column":null}},"2":{"start":{"line":12,"column":23},"end":{"line":12,"column":null}},"3":{"start":{"line":14,"column":23},"end":{"line":14,"column":null}},"4":{"start":{"line":15,"column":27},"end":{"line":15,"column":null}},"5":{"start":{"line":16,"column":20},"end":{"line":16,"column":null}},"6":{"start":{"line":18,"column":23},"end":{"line":25,"column":null}},"7":{"start":{"line":19,"column":4},"end":{"line":24,"column":null}},"8":{"start":{"line":28,"column":4},"end":{"line":30,"column":null}},"9":{"start":{"line":30,"column":38},"end":{"line":30,"column":62}},"10":{"start":{"line":32,"column":2},"end":{"line":40,"column":null}}},"fnMap":{"0":{"name":"(anonymous_0)","decl":{"start":{"line":10,"column":13},"end":{"line":10,"column":19}},"loc":{"start":{"line":10,"column":19},"end":{"line":42,"column":null}}},"1":{"name":"(anonymous_1)","decl":{"start":{"line":18,"column":23},"end":{"line":18,"column":24}},"loc":{"start":{"line":18,"column":39},"end":{"line":25,"column":null}}},"2":{"name":"(anonymous_2)","decl":{"start":{"line":30,"column":28},"end":{"line":30,"column":29}},"loc":{"start":{"line":30,"column":38},"end":{"line":30,"column":62}}}},"branchMap":{"0":{"loc":{"start":{"line":28,"column":4},"end":{"line":30,"column":null}},"type":"cond-expr","locations":[{"start":{"line":29,"column":8},"end":{"line":29,"column":null}},{"start":{"line":30,"column":8},"end":{"line":30,"column":null}}]}},"s":{"0":0,"1":0,"2":0,"3":0,"4":0,"5":0,"6":0,"7":0,"8":0,"9":0,"10":0},"f":{"0":0,"1":0,"2":0},"b":{"0":[0,0]}}
,"C:/Users/Jalkh/Documents/GitHub/ToDo--Practice/todo-practice/src/Components/Body/CreateButton.tsx": {"path":"C:/Users/Jalkh/Documents/GitHub/ToDo--Practice/todo-practice/src/Components/Body/CreateButton.tsx","statementMap":{"0":{"start":{"line":9,"column":44},"end":{"line":22,"column":null}},"1":{"start":{"line":10,"column":2},"end":{"line":20,"column":null}},"2":{"start":{"line":17,"column":21},"end":{"line":17,"column":null}}},"fnMap":{"0":{"name":"(anonymous_0)","decl":{"start":{"line":9,"column":44},"end":{"line":9,"column":45}},"loc":{"start":{"line":9,"column":68},"end":{"line":22,"column":null}}},"1":{"name":"(anonymous_1)","decl":{"start":{"line":17,"column":15},"end":{"line":17,"column":21}},"loc":{"start":{"line":17,"column":21},"end":{"line":17,"column":null}}}},"branchMap":{"0":{"loc":{"start":{"line":13,"column":8},"end":{"line":15,"column":null}},"type":"cond-expr","locations":[{"start":{"line":14,"column":12},"end":{"line":14,"column":null}},{"start":{"line":15,"column":12},"end":{"line":15,"column":null}}]}},"s":{"0":1,"1":4,"2":2},"f":{"0":4,"1":2},"b":{"0":[2,2]}}
,"C:/Users/Jalkh/Documents/GitHub/ToDo--Practice/todo-practice/src/Components/Body/NoteItem.tsx": {"path":"C:/Users/Jalkh/Documents/GitHub/ToDo--Practice/todo-practice/src/Components/Body/NoteItem.tsx","statementMap":{"0":{"start":{"line":13,"column":36},"end":{"line":98,"column":null}},"1":{"start":{"line":14,"column":36},"end":{"line":14,"column":null}},"2":{"start":{"line":15,"column":36},"end":{"line":15,"column":null}},"3":{"start":{"line":16,"column":38},"end":{"line":16,"column":null}},"4":{"start":{"line":17,"column":20},"end":{"line":17,"column":null}},"5":{"start":{"line":19,"column":20},"end":{"line":21,"column":null}},"6":{"start":{"line":20,"column":4},"end":{"line":20,"column":null}},"7":{"start":{"line":20,"column":30},"end":{"line":20,"column":38}},"8":{"start":{"line":23,"column":23},"end":{"line":25,"column":null}},"9":{"start":{"line":24,"column":4},"end":{"line":24,"column":null}},"10":{"start":{"line":27,"column":23},"end":{"line":29,"column":null}},"11":{"start":{"line":28,"column":4},"end":{"line":28,"column":null}},"12":{"start":{"line":31,"column":21},"end":{"line":31,"column":null}},"13":{"start":{"line":33,"column":2},"end":{"line":45,"column":null}},"14":{"start":{"line":34,"column":4},"end":{"line":43,"column":null}},"15":{"start":{"line":47,"column":2},"end":{"line":96,"column":null}},"16":{"start":{"line":91,"column":25},"end":{"line":91,"column":null}}},"fnMap":{"0":{"name":"(anonymous_0)","decl":{"start":{"line":13,"column":36},"end":{"line":13,"column":37}},"loc":{"start":{"line":13,"column":76},"end":{"line":98,"column":null}}},"1":{"name":"(anonymous_1)","decl":{"start":{"line":19,"column":20},"end":{"line":19,"column":26}},"loc":{"start":{"line":19,"column":26},"end":{"line":21,"column":null}}},"2":{"name":"(anonymous_2)","decl":{"start":{"line":20,"column":17},"end":{"line":20,"column":18}},"loc":{"start":{"line":20,"column":30},"end":{"line":20,"column":38}}},"3":{"name":"(anonymous_3)","decl":{"start":{"line":23,"column":23},"end":{"line":23,"column":24}},"loc":{"start":{"line":23,"column":67},"end":{"line":25,"column":null}}},"4":{"name":"(anonymous_4)","decl":{"start":{"line":27,"column":23},"end":{"line":27,"column":29}},"loc":{"start":{"line":27,"column":29},"end":{"line":29,"column":null}}},"5":{"name":"(anonymous_5)","decl":{"start":{"line":91,"column":19},"end":{"line":91,"column":25}},"loc":{"start":{"line":91,"column":25},"end":{"line":91,"column":null}}}},"branchMap":{"0":{"loc":{"start":{"line":28,"column":18},"end":{"line":28,"column":71}},"type":"cond-expr","locations":[{"start":{"line":28,"column":46},"end":{"line":28,"column":61}},{"start":{"line":28,"column":61},"end":{"line":28,"column":71}}]},"1":{"loc":{"start":{"line":33,"column":2},"end":{"line":45,"column":null}},"type":"if","locations":[{"start":{"line":33,"column":2},"end":{"line":45,"column":null}},{"start":{},"end":{}}]},"2":{"loc":{"start":{"line":39,"column":10},"end":{"line":39,"column":null}},"type":"cond-expr","locations":[{"start":{"line":39,"column":30},"end":{"line":39,"column":51}},{"start":{"line":39,"column":51},"end":{"line":39,"column":null}}]},"3":{"loc":{"start":{"line":61,"column":30},"end":{"line":63,"column":null}},"type":"cond-expr","locations":[{"start":{"line":62,"column":34},"end":{"line":62,"column":null}},{"start":{"line":63,"column":34},"end":{"line":63,"column":null}}]},"4":{"loc":{"start":{"line":65,"column":19},"end":{"line":65,"column":null}},"type":"cond-expr","locations":[{"start":{"line":65,"column":47},"end":{"line":65,"column":54}},{"start":{"line":65,"column":54},"end":{"line":65,"column":null}}]},"5":{"loc":{"start":{"line":70,"column":12},"end":{"line":70,"column":null}},"type":"cond-expr","locations":[{"start":{"line":70,"column":40},"end":{"line":70,"column":58}},{"start":{"line":70,"column":58},"end":{"line":70,"column":null}}]},"6":{"loc":{"start":{"line":81,"column":12},"end":{"line":81,"column":null}},"type":"cond-expr","locations":[{"start":{"line":81,"column":32},"end":{"line":81,"column":58}},{"start":{"line":81,"column":58},"end":{"line":81,"column":null}}]},"7":{"loc":{"start":{"line":85,"column":11},"end":{"line":85,"column":null}},"type":"cond-expr","locations":[{"start":{"line":85,"column":23},"end":{"line":85,"column":32}},{"start":{"line":85,"column":32},"end":{"line":85,"column":null}}]}},"s":{"0":2,"1":20,"2":20,"3":20,"4":20,"5":20,"6":3,"7":3,"8":20,"9":1,"10":20,"11":2,"12":20,"13":20,"14":3,"15":20,"16":0},"f":{"0":20,"1":3,"2":3,"3":1,"4":2,"5":0},"b":{"0":[1,1],"1":[3,17],"2":[3,0],"3":[20,0],"4":[7,13],"5":[7,13],"6":[20,0],"7":[3,17]}}
,"C:/Users/Jalkh/Documents/GitHub/ToDo--Practice/todo-practice/src/Components/Body/NoteList.tsx": {"path":"C:/Users/Jalkh/Documents/GitHub/ToDo--Practice/todo-practice/src/Components/Body/NoteList.tsx","statementMap":{"0":{"start":{"line":10,"column":17},"end":{"line":27,"column":null}},"1":{"start":{"line":11,"column":2},"end":{"line":25,"column":null}},"2":{"start":{"line":17,"column":8},"end":{"line":23,"column":null}}},"fnMap":{"0":{"name":"(anonymous_0)","decl":{"start":{"line":10,"column":17},"end":{"line":10,"column":18}},"loc":{"start":{"line":10,"column":55},"end":{"line":27,"column":null}}},"1":{"name":"(anonymous_1)","decl":{"start":{"line":16,"column":16},"end":{"line":16,"column":17}},"loc":{"start":{"line":17,"column":8},"end":{"line":23,"column":null}}}},"branchMap":{},"s":{"0":1,"1":2,"2":10},"f":{"0":2,"1":10},"b":{}}
,"C:/Users/Jalkh/Documents/GitHub/ToDo--Practice/todo-practice/src/Components/Header/Header.tsx": {"path":"C:/Users/Jalkh/Documents/GitHub/ToDo--Practice/todo-practice/src/Components/Header/Header.tsx","statementMap":{"0":{"start":{"line":8,"column":15},"end":{"line":21,"column":null}},"1":{"start":{"line":9,"column":33},"end":{"line":9,"column":null}},"2":{"start":{"line":11,"column":2},"end":{"line":19,"column":null}}},"fnMap":{"0":{"name":"(anonymous_0)","decl":{"start":{"line":8,"column":15},"end":{"line":8,"column":21}},"loc":{"start":{"line":8,"column":21},"end":{"line":21,"column":null}}}},"branchMap":{},"s":{"0":1,"1":1,"2":1},"f":{"0":1},"b":{}}
,"C:/Users/Jalkh/Documents/GitHub/ToDo--Practice/todo-practice/src/Components/Header/Search.tsx": {"path":"C:/Users/Jalkh/Documents/GitHub/ToDo--Practice/todo-practice/src/Components/Header/Search.tsx","statementMap":{"0":{"start":{"line":9,"column":32},"end":{"line":35,"column":null}},"1":{"start":{"line":10,"column":32},"end":{"line":10,"column":null}},"2":{"start":{"line":12,"column":23},"end":{"line":14,"column":null}},"3":{"start":{"line":13,"column":4},"end":{"line":13,"column":null}},"4":{"start":{"line":16,"column":2},"end":{"line":33,"column":null}}},"fnMap":{"0":{"name":"(anonymous_0)","decl":{"start":{"line":9,"column":32},"end":{"line":9,"column":33}},"loc":{"start":{"line":9,"column":47},"end":{"line":35,"column":null}}},"1":{"name":"(anonymous_1)","decl":{"start":{"line":12,"column":23},"end":{"line":12,"column":24}},"loc":{"start":{"line":12,"column":67},"end":{"line":14,"column":null}}}},"branchMap":{"0":{"loc":{"start":{"line":19,"column":8},"end":{"line":21,"column":null}},"type":"cond-expr","locations":[{"start":{"line":20,"column":12},"end":{"line":20,"column":null}},{"start":{"line":21,"column":12},"end":{"line":21,"column":null}}]}},"s":{"0":2,"1":13,"2":13,"3":6,"4":13},"f":{"0":13,"1":6},"b":{"0":[7,6]}}
,"C:/Users/Jalkh/Documents/GitHub/ToDo--Practice/todo-practice/src/Components/Header/Selector.tsx": {"path":"C:/Users/Jalkh/Documents/GitHub/ToDo--Practice/todo-practice/src/Components/Header/Selector.tsx","statementMap":{"0":{"start":{"line":11,"column":36},"end":{"line":67,"column":null}},"1":{"start":{"line":12,"column":30},"end":{"line":12,"column":null}},"2":{"start":{"line":14,"column":39},"end":{"line":14,"column":null}},"3":{"start":{"line":16,"column":23},"end":{"line":16,"column":null}},"4":{"start":{"line":18,"column":27},"end":{"line":20,"column":null}},"5":{"start":{"line":19,"column":4},"end":{"line":19,"column":null}},"6":{"start":{"line":19,"column":24},"end":{"line":19,"column":29}},"7":{"start":{"line":22,"column":2},"end":{"line":65,"column":null}},"8":{"start":{"line":51,"column":12},"end":{"line":61,"column":null}},"9":{"start":{"line":58,"column":29},"end":{"line":58,"column":null}}},"fnMap":{"0":{"name":"(anonymous_0)","decl":{"start":{"line":11,"column":36},"end":{"line":11,"column":37}},"loc":{"start":{"line":11,"column":51},"end":{"line":67,"column":null}}},"1":{"name":"(anonymous_1)","decl":{"start":{"line":18,"column":27},"end":{"line":18,"column":33}},"loc":{"start":{"line":18,"column":33},"end":{"line":20,"column":null}}},"2":{"name":"(anonymous_2)","decl":{"start":{"line":19,"column":14},"end":{"line":19,"column":15}},"loc":{"start":{"line":19,"column":24},"end":{"line":19,"column":29}}},"3":{"name":"(anonymous_3)","decl":{"start":{"line":50,"column":28},"end":{"line":50,"column":29}},"loc":{"start":{"line":51,"column":12},"end":{"line":61,"column":null}}},"4":{"name":"(anonymous_4)","decl":{"start":{"line":58,"column":23},"end":{"line":58,"column":29}},"loc":{"start":{"line":58,"column":29},"end":{"line":58,"column":null}}}},"branchMap":{"0":{"loc":{"start":{"line":28,"column":10},"end":{"line":30,"column":null}},"type":"cond-expr","locations":[{"start":{"line":29,"column":14},"end":{"line":29,"column":null}},{"start":{"line":30,"column":14},"end":{"line":30,"column":null}}]},"1":{"loc":{"start":{"line":34,"column":9},"end":{"line":37,"column":null}},"type":"cond-expr","locations":[{"start":{"line":35,"column":10},"end":{"line":35,"column":null}},{"start":{"line":37,"column":10},"end":{"line":37,"column":null}}]},"2":{"loc":{"start":{"line":41,"column":7},"end":{"line":63,"column":null}},"type":"binary-expr","locations":[{"start":{"line":41,"column":7},"end":{"line":41,"column":null}},{"start":{"line":42,"column":8},"end":{"line":63,"column":null}}]},"3":{"loc":{"start":{"line":45,"column":12},"end":{"line":47,"column":null}},"type":"cond-expr","locations":[{"start":{"line":46,"column":16},"end":{"line":46,"column":null}},{"start":{"line":47,"column":16},"end":{"line":47,"column":null}}]},"4":{"loc":{"start":{"line":54,"column":16},"end":{"line":56,"column":null}},"type":"cond-expr","locations":[{"start":{"line":55,"column":20},"end":{"line":55,"column":null}},{"start":{"line":56,"column":20},"end":{"line":56,"column":null}}]}},"s":{"0":2,"1":13,"2":13,"3":13,"4":13,"5":4,"6":4,"7":13,"8":12,"9":2},"f":{"0":13,"1":4,"2":4,"3":12,"4":2},"b":{"0":[7,6],"1":[4,9],"2":[13,4],"3":[2,2],"4":[6,6]}}
,"C:/Users/Jalkh/Documents/GitHub/ToDo--Practice/todo-practice/src/Components/Header/ThemeSwitch.tsx": {"path":"C:/Users/Jalkh/Documents/GitHub/ToDo--Practice/todo-practice/src/Components/Header/ThemeSwitch.tsx","statementMap":{"0":{"start":{"line":12,"column":43},"end":{"line":32,"column":null}},"1":{"start":{"line":13,"column":36},"end":{"line":13,"column":null}},"2":{"start":{"line":15,"column":25},"end":{"line":18,"column":null}},"3":{"start":{"line":16,"column":4},"end":{"line":16,"column":null}},"4":{"start":{"line":16,"column":27},"end":{"line":16,"column":32}},"5":{"start":{"line":17,"column":4},"end":{"line":17,"column":null}},"6":{"start":{"line":20,"column":2},"end":{"line":30,"column":null}}},"fnMap":{"0":{"name":"(anonymous_0)","decl":{"start":{"line":12,"column":43},"end":{"line":12,"column":44}},"loc":{"start":{"line":12,"column":71},"end":{"line":32,"column":null}}},"1":{"name":"(anonymous_1)","decl":{"start":{"line":15,"column":25},"end":{"line":15,"column":31}},"loc":{"start":{"line":15,"column":31},"end":{"line":18,"column":null}}},"2":{"name":"(anonymous_2)","decl":{"start":{"line":16,"column":17},"end":{"line":16,"column":18}},"loc":{"start":{"line":16,"column":27},"end":{"line":16,"column":32}}}},"branchMap":{"0":{"loc":{"start":{"line":24,"column":8},"end":{"line":26,"column":null}},"type":"cond-expr","locations":[{"start":{"line":25,"column":12},"end":{"line":25,"column":null}},{"start":{"line":26,"column":12},"end":{"line":26,"column":null}}]},"1":{"loc":{"start":{"line":29,"column":7},"end":{"line":29,"column":null}},"type":"cond-expr","locations":[{"start":{"line":29,"column":19},"end":{"line":29,"column":50}},{"start":{"line":29,"column":50},"end":{"line":29,"column":null}}]}},"s":{"0":2,"1":7,"2":7,"3":2,"4":2,"5":2,"6":7},"f":{"0":7,"1":2,"2":2},"b":{"0":[4,3],"1":[2,5]}}
,"C:/Users/Jalkh/Documents/GitHub/ToDo--Practice/todo-practice/src/Components/Header/Title.tsx": {"path":"C:/Users/Jalkh/Documents/GitHub/ToDo--Practice/todo-practice/src/Components/Header/Title.tsx","statementMap":{"0":{"start":{"line":7,"column":30},"end":{"line":16,"column":null}},"1":{"start":{"line":8,"column":2},"end":{"line":14,"column":null}}},"fnMap":{"0":{"name":"(anonymous_0)","decl":{"start":{"line":7,"column":30},"end":{"line":7,"column":31}},"loc":{"start":{"line":7,"column":45},"end":{"line":16,"column":null}}}},"branchMap":{"0":{"loc":{"start":{"line":11,"column":30},"end":{"line":11,"column":77}},"type":"cond-expr","locations":[{"start":{"line":11,"column":50},"end":{"line":11,"column":65}},{"start":{"line":11,"column":65},"end":{"line":11,"column":77}}]}},"s":{"0":2,"1":3},"f":{"0":3},"b":{"0":[2,1]}}
,"C:/Users/Jalkh/Documents/GitHub/ToDo--Practice/todo-practice/src/Components/Modal/CreateModal.tsx": {"path":"C:/Users/Jalkh/Documents/GitHub/ToDo--Practice/todo-practice/src/Components/Modal/CreateModal.tsx","statementMap":{"0":{"start":{"line":7,"column":20},"end":{"line":30,"column":null}},"1":{"start":{"line":8,"column":23},"end":{"line":8,"column":null}},"2":{"start":{"line":9,"column":22},"end":{"line":9,"column":null}},"3":{"start":{"line":10,"column":20},"end":{"line":10,"column":null}},"4":{"start":{"line":12,"column":23},"end":{"line":20,"column":null}},"5":{"start":{"line":13,"column":4},"end":{"line":19,"column":null}},"6":{"start":{"line":21,"column":2},"end":{"line":28,"column":null}}},"fnMap":{"0":{"name":"(anonymous_0)","decl":{"start":{"line":7,"column":20},"end":{"line":7,"column":26}},"loc":{"start":{"line":7,"column":26},"end":{"line":30,"column":null}}},"1":{"name":"(anonymous_1)","decl":{"start":{"line":12,"column":23},"end":{"line":12,"column":24}},"loc":{"start":{"line":12,"column":41},"end":{"line":20,"column":null}}}},"branchMap":{"0":{"loc":{"start":{"line":24,"column":8},"end":{"line":24,"column":null}},"type":"cond-expr","locations":[{"start":{"line":24,"column":28},"end":{"line":24,"column":44}},{"start":{"line":24,"column":44},"end":{"line":24,"column":null}}]}},"s":{"0":0,"1":0,"2":0,"3":0,"4":0,"5":0,"6":0},"f":{"0":0,"1":0},"b":{"0":[0,0]}}
,"C:/Users/Jalkh/Documents/GitHub/ToDo--Practice/todo-practice/src/Components/Modal/NoteModal.tsx": {"path":"C:/Users/Jalkh/Documents/GitHub/ToDo--Practice/todo-practice/src/Components/Modal/NoteModal.tsx","statementMap":{"0":{"start":{"line":9,"column":34},"end":{"line":79,"column":null}},"1":{"start":{"line":10,"column":34},"end":{"line":10,"column":null}},"2":{"start":{"line":11,"column":28},"end":{"line":11,"column":null}},"3":{"start":{"line":12,"column":20},"end":{"line":12,"column":null}},"4":{"start":{"line":14,"column":23},"end":{"line":21,"column":null}},"5":{"start":{"line":15,"column":4},"end":{"line":20,"column":null}},"6":{"start":{"line":16,"column":6},"end":{"line":16,"column":null}},"7":{"start":{"line":18,"column":6},"end":{"line":18,"column":null}},"8":{"start":{"line":19,"column":6},"end":{"line":19,"column":null}},"9":{"start":{"line":23,"column":2},"end":{"line":77,"column":null}},"10":{"start":{"line":43,"column":29},"end":{"line":43,"column":null}},"11":{"start":{"line":57,"column":25},"end":{"line":57,"column":null}}},"fnMap":{"0":{"name":"(anonymous_0)","decl":{"start":{"line":9,"column":34},"end":{"line":9,"column":35}},"loc":{"start":{"line":9,"column":61},"end":{"line":79,"column":null}}},"1":{"name":"(anonymous_1)","decl":{"start":{"line":14,"column":23},"end":{"line":14,"column":29}},"loc":{"start":{"line":14,"column":29},"end":{"line":21,"column":null}}},"2":{"name":"(anonymous_2)","decl":{"start":{"line":43,"column":22},"end":{"line":43,"column":23}},"loc":{"start":{"line":43,"column":29},"end":{"line":43,"column":null}}},"3":{"name":"(anonymous_3)","decl":{"start":{"line":57,"column":19},"end":{"line":57,"column":25}},"loc":{"start":{"line":57,"column":25},"end":{"line":57,"column":null}}}},"branchMap":{"0":{"loc":{"start":{"line":15,"column":4},"end":{"line":20,"column":null}},"type":"if","locations":[{"start":{"line":15,"column":4},"end":{"line":20,"column":null}},{"start":{"line":17,"column":11},"end":{"line":20,"column":null}}]},"1":{"loc":{"start":{"line":26,"column":8},"end":{"line":28,"column":null}},"type":"cond-expr","locations":[{"start":{"line":27,"column":12},"end":{"line":27,"column":null}},{"start":{"line":28,"column":12},"end":{"line":28,"column":null}}]},"2":{"loc":{"start":{"line":34,"column":12},"end":{"line":34,"column":null}},"type":"cond-expr","locations":[{"start":{"line":34,"column":32},"end":{"line":34,"column":47}},{"start":{"line":34,"column":47},"end":{"line":34,"column":null}}]},"3":{"loc":{"start":{"line":40,"column":11},"end":{"line":40,"column":null}},"type":"cond-expr","locations":[{"start":{"line":40,"column":19},"end":{"line":40,"column":75}},{"start":{"line":40,"column":75},"end":{"line":40,"column":null}}]},"4":{"loc":{"start":{"line":47,"column":14},"end":{"line":49,"column":null}},"type":"cond-expr","locations":[{"start":{"line":48,"column":18},"end":{"line":48,"column":null}},{"start":{"line":49,"column":18},"end":{"line":49,"column":null}}]},"5":{"loc":{"start":{"line":59,"column":12},"end":{"line":61,"column":null}},"type":"cond-expr","locations":[{"start":{"line":60,"column":16},"end":{"line":60,"column":null}},{"start":{"line":61,"column":16},"end":{"line":61,"column":null}}]},"6":{"loc":{"start":{"line":69,"column":12},"end":{"line":71,"column":null}},"type":"cond-expr","locations":[{"start":{"line":70,"column":16},"end":{"line":70,"column":null}},{"start":{"line":71,"column":16},"end":{"line":71,"column":null}}]}},"s":{"0":0,"1":0,"2":0,"3":0,"4":0,"5":0,"6":0,"7":0,"8":0,"9":0,"10":0,"11":0},"f":{"0":0,"1":0,"2":0,"3":0},"b":{"0":[0,0],"1":[0,0],"2":[0,0],"3":[0,0],"4":[0,0],"5":[0,0],"6":[0,0]}}
,"C:/Users/Jalkh/Documents/GitHub/ToDo--Practice/todo-practice/src/Contexts/CategoryContext.tsx": {"path":"C:/Users/Jalkh/Documents/GitHub/ToDo--Practice/todo-practice/src/Contexts/CategoryContext.tsx","statementMap":{"0":{"start":{"line":8,"column":31},"end":{"line":11,"column":null}}},"fnMap":{"0":{"name":"(anonymous_0)","decl":{"start":{"line":10,"column":18},"end":{"line":10,"column":24}},"loc":{"start":{"line":10,"column":24},"end":{"line":10,"column":null}}}},"branchMap":{},"s":{"0":2},"f":{"0":2},"b":{}}
,"C:/Users/Jalkh/Documents/GitHub/ToDo--Practice/todo-practice/src/Contexts/ModalContext.tsx": {"path":"C:/Users/Jalkh/Documents/GitHub/ToDo--Practice/todo-practice/src/Contexts/ModalContext.tsx","statementMap":{"0":{"start":{"line":8,"column":28},"end":{"line":11,"column":null}}},"fnMap":{"0":{"name":"(anonymous_0)","decl":{"start":{"line":10,"column":11},"end":{"line":10,"column":17}},"loc":{"start":{"line":10,"column":17},"end":{"line":10,"column":null}}}},"branchMap":{},"s":{"0":2},"f":{"0":0},"b":{}}
,"C:/Users/Jalkh/Documents/GitHub/ToDo--Practice/todo-practice/src/Contexts/NotesContext.tsx": {"path":"C:/Users/Jalkh/Documents/GitHub/ToDo--Practice/todo-practice/src/Contexts/NotesContext.tsx","statementMap":{"0":{"start":{"line":13,"column":28},"end":{"line":16,"column":null}}},"fnMap":{"0":{"name":"(anonymous_0)","decl":{"start":{"line":15,"column":12},"end":{"line":15,"column":18}},"loc":{"start":{"line":15,"column":18},"end":{"line":15,"column":null}}}},"branchMap":{},"s":{"0":2},"f":{"0":0},"b":{}}
,"C:/Users/Jalkh/Documents/GitHub/ToDo--Practice/todo-practice/src/Contexts/SearchContext.tsx": {"path":"C:/Users/Jalkh/Documents/GitHub/ToDo--Practice/todo-practice/src/Contexts/SearchContext.tsx","statementMap":{"0":{"start":{"line":10,"column":29},"end":{"line":14,"column":null}}},"fnMap":{"0":{"name":"(anonymous_0)","decl":{"start":{"line":12,"column":13},"end":{"line":12,"column":19}},"loc":{"start":{"line":12,"column":19},"end":{"line":12,"column":null}}}},"branchMap":{},"s":{"0":2},"f":{"0":0},"b":{}}
,"C:/Users/Jalkh/Documents/GitHub/ToDo--Practice/todo-practice/src/Contexts/ThemeContext.tsx": {"path":"C:/Users/Jalkh/Documents/GitHub/ToDo--Practice/todo-practice/src/Contexts/ThemeContext.tsx","statementMap":{"0":{"start":{"line":8,"column":28},"end":{"line":11,"column":null}}},"fnMap":{"0":{"name":"(anonymous_0)","decl":{"start":{"line":10,"column":15},"end":{"line":10,"column":21}},"loc":{"start":{"line":10,"column":21},"end":{"line":10,"column":null}}}},"branchMap":{},"s":{"0":4},"f":{"0":0},"b":{}}
,"C:/Users/Jalkh/Documents/GitHub/ToDo--Practice/todo-practice/src/Providers/CategoryProvider.tsx": {"path":"C:/Users/Jalkh/Documents/GitHub/ToDo--Practice/todo-practice/src/Providers/CategoryProvider.tsx","statementMap":{"0":{"start":{"line":10,"column":51},"end":{"line":24,"column":null}},"1":{"start":{"line":11,"column":34},"end":{"line":13,"column":null}},"2":{"start":{"line":15,"column":25},"end":{"line":17,"column":null}},"3":{"start":{"line":16,"column":4},"end":{"line":16,"column":null}},"4":{"start":{"line":19,"column":2},"end":{"line":22,"column":null}}},"fnMap":{"0":{"name":"(anonymous_0)","decl":{"start":{"line":10,"column":51},"end":{"line":10,"column":52}},"loc":{"start":{"line":10,"column":69},"end":{"line":24,"column":null}}},"1":{"name":"(anonymous_1)","decl":{"start":{"line":15,"column":25},"end":{"line":15,"column":26}},"loc":{"start":{"line":15,"column":43},"end":{"line":17,"column":null}}}},"branchMap":{},"s":{"0":0,"1":0,"2":0,"3":0,"4":0},"f":{"0":0,"1":0},"b":{}}
,"C:/Users/Jalkh/Documents/GitHub/ToDo--Practice/todo-practice/src/Providers/ModalProvider.tsx": {"path":"C:/Users/Jalkh/Documents/GitHub/ToDo--Practice/todo-practice/src/Providers/ModalProvider.tsx","statementMap":{"0":{"start":{"line":8,"column":45},"end":{"line":18,"column":null}},"1":{"start":{"line":9,"column":30},"end":{"line":9,"column":null}},"2":{"start":{"line":11,"column":18},"end":{"line":13,"column":null}},"3":{"start":{"line":12,"column":4},"end":{"line":12,"column":null}},"4":{"start":{"line":15,"column":2},"end":{"line":16,"column":null}}},"fnMap":{"0":{"name":"(anonymous_0)","decl":{"start":{"line":8,"column":45},"end":{"line":8,"column":46}},"loc":{"start":{"line":8,"column":63},"end":{"line":18,"column":null}}},"1":{"name":"(anonymous_1)","decl":{"start":{"line":11,"column":18},"end":{"line":11,"column":19}},"loc":{"start":{"line":11,"column":38},"end":{"line":13,"column":null}}}},"branchMap":{},"s":{"0":2,"1":12,"2":12,"3":0,"4":12},"f":{"0":12,"1":0},"b":{}}
,"C:/Users/Jalkh/Documents/GitHub/ToDo--Practice/todo-practice/src/Providers/NotesProvider.tsx": {"path":"C:/Users/Jalkh/Documents/GitHub/ToDo--Practice/todo-practice/src/Providers/NotesProvider.tsx","statementMap":{"0":{"start":{"line":10,"column":45},"end":{"line":14,"column":null}},"1":{"start":{"line":11,"column":31},"end":{"line":11,"column":null}},"2":{"start":{"line":13,"column":2},"end":{"line":13,"column":null}}},"fnMap":{"0":{"name":"(anonymous_0)","decl":{"start":{"line":10,"column":45},"end":{"line":10,"column":46}},"loc":{"start":{"line":10,"column":63},"end":{"line":14,"column":null}}}},"branchMap":{},"s":{"0":1,"1":8,"2":8},"f":{"0":8},"b":{}}
,"C:/Users/Jalkh/Documents/GitHub/ToDo--Practice/todo-practice/src/Providers/SearchProvider.tsx": {"path":"C:/Users/Jalkh/Documents/GitHub/ToDo--Practice/todo-practice/src/Providers/SearchProvider.tsx","statementMap":{"0":{"start":{"line":10,"column":47},"end":{"line":25,"column":null}},"1":{"start":{"line":11,"column":30},"end":{"line":11,"column":null}},"2":{"start":{"line":12,"column":23},"end":{"line":12,"column":null}},"3":{"start":{"line":14,"column":23},"end":{"line":18,"column":null}},"4":{"start":{"line":15,"column":4},"end":{"line":17,"column":null}},"5":{"start":{"line":16,"column":6},"end":{"line":16,"column":null}},"6":{"start":{"line":20,"column":2},"end":{"line":23,"column":null}}},"fnMap":{"0":{"name":"(anonymous_0)","decl":{"start":{"line":10,"column":47},"end":{"line":10,"column":48}},"loc":{"start":{"line":10,"column":65},"end":{"line":25,"column":null}}},"1":{"name":"(anonymous_1)","decl":{"start":{"line":14,"column":31},"end":{"line":14,"column":37}},"loc":{"start":{"line":14,"column":37},"end":{"line":18,"column":5}}},"2":{"name":"(anonymous_2)","decl":{"start":{"line":15,"column":35},"end":{"line":15,"column":36}},"loc":{"start":{"line":16,"column":6},"end":{"line":16,"column":null}}}},"branchMap":{"0":{"loc":{"start":{"line":15,"column":12},"end":{"line":15,"column":28}},"type":"binary-expr","locations":[{"start":{"line":15,"column":12},"end":{"line":15,"column":24}},{"start":{"line":15,"column":24},"end":{"line":15,"column":28}}]}},"s":{"0":1,"1":12,"2":12,"3":12,"4":12,"5":60,"6":12},"f":{"0":12,"1":12,"2":60},"b":{"0":[12,0]}}
,"C:/Users/Jalkh/Documents/GitHub/ToDo--Practice/todo-practice/src/Providers/ThemeProvider.tsx": {"path":"C:/Users/Jalkh/Documents/GitHub/ToDo--Practice/todo-practice/src/Providers/ThemeProvider.tsx","statementMap":{"0":{"start":{"line":10,"column":45},"end":{"line":18,"column":null}},"1":{"start":{"line":11,"column":28},"end":{"line":11,"column":null}},"2":{"start":{"line":13,"column":22},"end":{"line":15,"column":null}},"3":{"start":{"line":14,"column":4},"end":{"line":14,"column":null}},"4":{"start":{"line":14,"column":24},"end":{"line":14,"column":60}},"5":{"start":{"line":17,"column":2},"end":{"line":17,"column":null}}},"fnMap":{"0":{"name":"(anonymous_0)","decl":{"start":{"line":10,"column":45},"end":{"line":10,"column":46}},"loc":{"start":{"line":10,"column":63},"end":{"line":18,"column":null}}},"1":{"name":"(anonymous_1)","decl":{"start":{"line":13,"column":22},"end":{"line":13,"column":28}},"loc":{"start":{"line":13,"column":28},"end":{"line":15,"column":null}}},"2":{"name":"(anonymous_2)","decl":{"start":{"line":14,"column":13},"end":{"line":14,"column":14}},"loc":{"start":{"line":14,"column":24},"end":{"line":14,"column":60}}}},"branchMap":{"0":{"loc":{"start":{"line":14,"column":24},"end":{"line":14,"column":60}},"type":"cond-expr","locations":[{"start":{"line":14,"column":43},"end":{"line":14,"column":52}},{"start":{"line":14,"column":52},"end":{"line":14,"column":60}}]}},"s":{"0":1,"1":8,"2":8,"3":0,"4":0,"5":8},"f":{"0":8,"1":0,"2":0},"b":{"0":[0,0]}}
,"C:/Users/Jalkh/Documents/GitHub/ToDo--Practice/todo-practice/src/reducer/listReducer.tsx": {"path":"C:/Users/Jalkh/Documents/GitHub/ToDo--Practice/todo-practice/src/reducer/listReducer.tsx","statementMap":{"0":{"start":{"line":3,"column":27},"end":{"line":21,"column":null}},"1":{"start":{"line":4,"column":19},"end":{"line":4,"column":null}},"2":{"start":{"line":6,"column":2},"end":{"line":20,"column":null}},"3":{"start":{"line":8,"column":6},"end":{"line":15,"column":null}},"4":{"start":{"line":18,"column":6},"end":{"line":18,"column":null}},"5":{"start":{"line":18,"column":36},"end":{"line":18,"column":65}}},"fnMap":{"0":{"name":"(anonymous_0)","decl":{"start":{"line":3,"column":27},"end":{"line":3,"column":28}},"loc":{"start":{"line":3,"column":78},"end":{"line":21,"column":null}}},"1":{"name":"(anonymous_1)","decl":{"start":{"line":18,"column":26},"end":{"line":18,"column":27}},"loc":{"start":{"line":18,"column":36},"end":{"line":18,"column":65}}}},"branchMap":{"0":{"loc":{"start":{"line":6,"column":2},"end":{"line":20,"column":null}},"type":"switch","locations":[{"start":{"line":7,"column":4},"end":{"line":16,"column":null}},{"start":{"line":17,"column":4},"end":{"line":19,"column":null}}]}},"s":{"0":1,"1":0,"2":0,"3":0,"4":0,"5":0},"f":{"0":0,"1":0},"b":{"0":[0,0]}}
,"C:/Users/Jalkh/Documents/GitHub/ToDo--Practice/todo-practice/src/utils/Notes.ts": {"path":"C:/Users/Jalkh/Documents/GitHub/ToDo--Practice/todo-practice/src/utils/Notes.ts","statementMap":{"0":{"start":{"line":24,"column":41},"end":{"line":30,"column":null}}},"fnMap":{},"branchMap":{},"s":{"0":3},"f":{},"b":{}}
,"C:/Users/Jalkh/Documents/GitHub/ToDo--Practice/todo-practice/src/utils/WrapperProvider.tsx": {"path":"C:/Users/Jalkh/Documents/GitHub/ToDo--Practice/todo-practice/src/utils/WrapperProvider.tsx","statementMap":{"0":{"start":{"line":10,"column":49},"end":{"line":18,"column":null}},"1":{"start":{"line":11,"column":2},"end":{"line":16,"column":null}}},"fnMap":{"0":{"name":"(anonymous_0)","decl":{"start":{"line":10,"column":49},"end":{"line":10,"column":50}},"loc":{"start":{"line":10,"column":67},"end":{"line":18,"column":null}}}},"branchMap":{},"s":{"0":1,"1":8},"f":{"0":8},"b":{}}
,"C:/Users/Jalkh/Documents/GitHub/ToDo--Practice/todo-practice/src/utils/test-utils.tsx": {"path":"C:/Users/Jalkh/Documents/GitHub/ToDo--Practice/todo-practice/src/utils/test-utils.tsx","statementMap":{"0":{"start":{"line":6,"column":21},"end":{"line":9,"column":null}},"1":{"start":{"line":9,"column":5},"end":{"line":9,"column":null}}},"fnMap":{"0":{"name":"(anonymous_0)","decl":{"start":{"line":6,"column":21},"end":{"line":6,"column":null}},"loc":{"start":{"line":9,"column":5},"end":{"line":9,"column":null}}}},"branchMap":{},"s":{"0":1,"1":8},"f":{"0":8},"b":{}}
}
